<?xml version="1.0" encoding="UTF-8"?>
<testng-results skipped="0" failed="0" ignored="0" total="1" passed="1">
  <reporter-output>
  </reporter-output>
  <suite name="Suite" duration-ms="16199" started-at="2018-02-24T17:57:47Z" finished-at="2018-02-24T17:58:03Z">
    <groups>
    </groups>
    <test name="Test" duration-ms="16199" started-at="2018-02-24T17:57:47Z" finished-at="2018-02-24T17:58:03Z">
      <class name="TestPackage.NewTest">
        <test-method status="PASS" signature="beforeTest()[pri:0, instance:TestPackage.NewTest@1e88b3c]" name="beforeTest" is-config="true" duration-ms="11606" started-at="2018-02-24T17:57:47Z" finished-at="2018-02-24T17:57:59Z">
          <reporter-output>
          </reporter-output>
        </test-method> <!-- beforeTest -->
        <test-method status="PASS" signature="f()[pri:0, instance:TestPackage.NewTest@1e88b3c]" name="f" duration-ms="3683" started-at="2018-02-24T17:57:59Z" finished-at="2018-02-24T17:58:02Z">
          <reporter-output>
          </reporter-output>
        </test-method> <!-- f -->
        <test-method status="PASS" signature="afterTest()[pri:0, instance:TestPackage.NewTest@1e88b3c]" name="afterTest" is-config="true" duration-ms="852" started-at="2018-02-24T17:58:03Z" finished-at="2018-02-24T17:58:03Z">
          <reporter-output>
          </reporter-output>
        </test-method> <!-- afterTest -->
      </class> <!-- TestPackage.NewTest -->
    </test> <!-- Test -->
  </suite> <!-- Suite -->
</testng-results>
